<?xml version="1.0" encoding="UTF-8"?>
<!-- Generated by org.testng.reporters.JUnitReportReporter -->
<testsuite skipped="0" hostname="LAP-IGGS046" name="com.innovation.regression.base.PHPTravelsSmokeTest.TEST_BookFlightFromPHPTravels" tests="1" failures="0" timestamp="09 Jul 2018 08:03:34 GMT" time="55.688" errors="0">
  <testcase name="bookFlightFromPHPTravels" time="55.688" classname="com.innovation.regression.base.PHPTravelsSmokeTest.TEST_BookFlightFromPHPTravels"/>
</testsuite> <!-- com.innovation.regression.base.PHPTravelsSmokeTest.TEST_BookFlightFromPHPTravels -->
